==2407== Memcheck, a memory error detector
==2407== Copyright (C) 2002-2017, and GNU GPL'd, by Julian Seward et al.
==2407== Using Valgrind-3.16.1 and LibVEX; rerun with -h for copyright info
==2407== Command: ./test
==2407== Parent PID: 26
==2407== 
==2407== 
==2407== FILE DESCRIPTORS: 4 open at exit.
==2407== Open file descriptor 3: /com.docker.devenvironments.code/valgrind.log
==2407==    <inherited from parent>
==2407== 
==2407== Open file descriptor 2: /dev/pts/1
==2407==    <inherited from parent>
==2407== 
==2407== Open file descriptor 1: /dev/pts/1
==2407==    <inherited from parent>
==2407== 
==2407== Open file descriptor 0: /dev/pts/1
==2407==    <inherited from parent>
==2407== 
==2407== 
==2407== HEAP SUMMARY:
==2407==     in use at exit: 0 bytes in 0 blocks
==2407==   total heap usage: 1,016 allocs, 1,016 frees, 377,622 bytes allocated
==2407== 
==2407== All heap blocks were freed -- no leaks are possible
==2407== 
==2407== ERROR SUMMARY: 0 errors from 0 contexts (suppressed: 0 from 0)
